Sel: Roul-wheel	Xov: Blend-X prob:70	Mut: Uniform prob:4

Run     Rank    SWR     Gain    F/B     F/R     R-a     X-a     Eff.    L       S       L2      

1-1     16      3.2448  8.52    5.58    1.51    212.9   163.86  3158    92.181  13.989  96.474  
1-2     8       11.19   9.05    8.71    1.48    302.41  527.28  3088    99.84   16.312  94.03   
1-3     11      14.959  9.57    4.38    3.15    69.279  315.03  2701    94.241  12.521  88.128  
1-4     17      16.696  9.64    5.09    3.36    37.524  -237.6  2719    80.943  10.956  87.917  
1-5     22      1.8669  9.02    8.84    1.6     190.52  -49.24  3166    87.051  19.522  94.285  
1-6     1       11.202  4.25    -4.8    -4.94   46.717  -210.6  2846    83.177  11.061  85.02   
1-7     9       11.581  9.68    3.72    2.89    131.94  377.43  2969    95.843  19.276  87.773  
1-8     2       23.956  6.42    -2.28   -2.44   66.036  400.73  2757    97.202  11.809  86.74   
1-9     10      5.9107  8.36    5.24    1.3     243.05  306.41  3157    96.107  16.912  97.897  
1-10    7       5.8972  8.24    4.86    1.24    241.13  305.22  3162    96.261  17.634  98.799  
1-11    12      4.921   8.59    5.65    1.77    160.8   -232.1  3207    82.305  14.718  96.427  
1-12    5       4.9704  6.14    -2.83   -3.02   55.142  -127.9  2916    85      13.987  85.757  
1-13    15      10.85   9.37    11.67   1.5     309.74  520.68  3083    99.78   19.29   92.946  
1-14    24      1.6283  10.39   8.76    2.61    126.26  56.789  3059    88.051  19.467  88.963  
1-15    23      3.8184  9.45    11.6    1.85    170.71  -190.6  3199    82.989  19.178  92.924  
1-16    29      1.7442  9.93    17.77   2.1     157.84  59.259  3096    87.759  14.231  91.189  
1-17    14      1.8459  8.06    3.77    1.56    173.61  -61.16  3178    86.936  12.734  99.903  
1-18    3       4.5778  4.97    -4.11   -4.24   57.641  -122.9  2947    85.417  13.132  85.004  
1-19    27      2.934   9.74    15.01   1.98    169.01  -144.5  3157    83.686  18.344  91.968  
1-20    6       4.132   6.21    -2.75   -2.93   58.677  -113    2943    85.404  14.528  85.657  
1-21    4       22.02   6.66    -1.98   -2.26   37.267  -279.6  2726    80.835  11.727  86.399  
1-22    21      1.3205  9.96    4.68    3.05    89.485  -16.52  3013    86.575  18.181  88.006  
1-23    19      3.5106  8.83    7.33    1.71    171.94  -176    3172    83.799  17.489  95.157  
1-24    30      3.0076  10.15   21.01   2.07    182.33  149.73  3090    90.302  18.204  90.764  
1-25    25      2.0509  9.44    11.02   1.85    188.5   74.268  3132    88.82   14.63   92.623  
1-26    20      14.539  10.23   15.03   2.07    256.37  584.1   2980    99.526  19.484  90.108  
1-27    26      12.472  10.1    20.04   1.96    255.22  530.2   3003    98.532  18.18   90.74   
1-28    18      1.6859  8.28    5.07    1.42    183.46  -25.06  3175    88.2    18.513  98.42   
1-29    28      15.285  9.94    23.75   2.14    170.48  501.49  2877    97.002  11.651  90.456  
1-30    13      2.346   8.25    4.38    1.65    171.82  -106.2  3178    85.496  12.08   97.698  
---------------------------------------------------------------------
Average :       7.539   8.581   7.14    0.933   156.3   92.65   3028    
Optimum :       1.321   10.39   23.75   3.36    126.3   -16.5   3158    
 
2-1     12      1.9153  8.82    6.65    1.8     175.71  -67.45  3165    85.625  11.732  94.182  
2-2     8       3.8794  8.75    7.14    1.66    170.46  -193.3  3171    83.556  18.692  95.485  
2-3     21      3.6402  9.63    13.62   1.89    171.2   -182.2  3196    83.104  20      92.353  
2-4     4       2.3737  8.04    3.58    1.64    170.37  -108.5  3180    85.381  10      98.268  
2-5     18      1.7889  9.12    9.12    1.66    197.43  19.873  3159    88.459  17.785  93.97   
2-6     6       5.0713  8.79    7.19    1.69    164.32  -239.6  3201    82.391  19.226  95.472  
2-7     11      12.231  9.71    15.52   1.67    307.56  563.01  3047    100     19.115  91.887  
2-8     14      7.3804  9.42    11.08   1.96    159.47  -310.3  3203    80      18.52   93.028  
2-9     2       11.395  8.32    4.77    1.36    287.04  523.65  3112    100     11.785  96.914  
2-10    26      4.4689  9.93    17.48   2.09    156.35  -212.6  3190    81.813  18.474  91.524  
2-11    9       1.6859  8.28    5.07    1.42    183.46  -25.06  3175    88.2    18.513  98.42   
2-12    10      1.6859  8.28    5.07    1.42    183.46  -25.06  3175    88.2    18.513  98.42   
2-13    25      1.6372  9.71    13.98   1.97    175.04  29.784  3127    87.493  15.235  91.909  
2-14    23      3.3099  9.66    13.87   1.97    168.65  -165    3161    83.255  18.173  92.204  
2-15    29      2.4176  10.04   21.1    2.16    150.22  111.91  3063    88.829  13.721  90.839  
2-16    24      14.658  10.18   20.88   2.11    221.78  551.43  2946    98.476  16.134  90.381  
2-17    30      1.7579  10.35   20.81   2.39    121.18  65.962  3031    87.705  14.509  89.974  
2-18    27      2.125   9.85    17.12   1.87    197.3   76.71   3130    89.166  19.588  91.612  
2-19    22      12.472  10.1    20.04   1.96    255.22  530.2   3003    98.532  18.18   90.74   
2-20    7       16.696  9.64    5.09    3.36    37.524  -237.6  2719    80.943  10.956  87.917  
2-21    1       17.874  5.18    -3.74   -3.97   33.346  -230.9  2662    82.171  10      86.057  
2-22    13      4.6792  9.17    9.6     1.75    169.08  -227    3201    82.458  20      93.828  
2-23    15      7.5354  10.45   9.31    2.76    103.6   -256.3  3128    80.423  19.467  88.963  
2-24    28      3.0076  10.15   21.01   2.07    182.33  149.73  3090    90.302  18.204  90.764  
2-25    3       5.8972  8.24    4.86    1.24    241.13  305.22  3162    96.261  17.634  98.799  
2-26    19      2.0509  9.44    11.02   1.85    188.5   74.268  3132    88.82   14.63   92.623  
2-27    16      1.8669  9.02    8.84    1.6     190.52  -49.24  3166    87.051  19.522  94.285  
2-28    20      2.0509  9.44    11.02   1.85    188.5   74.268  3132    88.82   14.63   92.623  
2-29    17      4.3053  9.48    11.98   1.72    225.02  226.23  3118    92.876  17.227  92.703  
2-30    5       1.8969  8.06    4.43    1.26    191.15  53.049  3176    90.435  19.929  100     
---------------------------------------------------------------------
Average :       5.458   9.175   10.92   1.673   178.9   27.5    3104    
Optimum :       1.637   10.45   21.1    3.36    103.6   19.87   3165    
 
3-1     19      7.7732  10.15   17.95   1.97    231.27  372.35  3054    95.566  19.949  90.611  
3-2     20      4.0456  9.81    16.27   1.86    212.18  210.83  3103    92.132  17.819  91.74   
3-3     6       7.3804  9.42    11.08   1.96    159.47  -310.3  3203    80      18.52   93.028  
3-4     4       1.9153  8.82    6.65    1.8     175.71  -67.45  3165    85.625  11.732  94.182  
3-5     15      2.0509  9.44    11.02   1.85    188.5   74.268  3132    88.82   14.63   92.623  
3-6     16      2.0509  9.44    11.02   1.85    188.5   74.268  3132    88.82   14.63   92.623  
3-7     25      7.0821  10.11   22.04   2.03    203.64  332.77  3039    94.287  16.937  90.804  
3-8     1       8.1753  9.49    12.51   1.62    270.97  407.25  3092    97.122  18.47   92.638  
3-9     10      7.5354  10.45   9.31    2.76    103.6   -256.3  3128    80.423  19.467  88.963  
3-10    7       7.3804  9.42    11.08   1.96    159.47  -310.3  3203    80      18.52   93.028  
3-11    8       6.5518  9.46    11.9    1.67    248.55  335.13  3101    95.391  17.312  92.742  
3-12    9       7.3526  9.43    11.16   1.96    159.29  -309.3  3203    80      18.434  92.989  
3-13    2       12.231  9.71    15.52   1.67    307.56  563.01  3047    100     19.115  91.887  
3-14    3       12.231  9.71    15.52   1.67    307.56  563.01  3047    100     19.115  91.887  
3-15    14      4.6758  9.67    13.55   1.99    162.56  -223.7  3197    81.82   18.345  92.278  
3-16    24      3.1146  9.92    18.01   2.08    161.49  -153.4  3151    83.248  18.303  91.45   
3-17    27      1.7579  10.35   20.81   2.39    121.18  65.962  3031    87.705  14.509  89.974  
3-18    28      1.7579  10.35   20.81   2.39    121.18  65.962  3031    87.705  14.509  89.974  
3-19    5       1.9153  8.82    6.65    1.8     175.71  -67.45  3165    85.625  11.732  94.182  
3-20    12      1.8669  9.02    8.84    1.6     190.52  -49.24  3166    87.051  19.522  94.285  
3-21    22      3.323   10.4    16.07   2.39    136.07  155.46  3022    89.973  16.064  89.832  
3-22    21      9.711   10.07   21.83   2       221.8   426.68  3016    96.265  16.625  90.882  
3-23    30      2.41    10.25   29.45   2.39    108.11  99.867  2980    88.297  12.249  89.944  
3-24    11      1.8184  8.88    7.99    1.52    199.78  23.18   3165    88.992  19.256  94.864  
3-25    26      1.7872  9.86    17.1    1.92    187.57  39.652  3132    88.111  18.666  91.617  
3-26    23      3.817   9.91    18.04   1.88    211.26  198.34  3104    91.889  18.968  91.448  
3-27    29      1.7579  10.35   20.81   2.39    121.18  65.962  3031    87.705  14.509  89.974  
3-28    13      13.131  10.19   18.08   2.05    241.46  535.08  2985    98.476  18.182  90.381  
3-29    17      4.7693  9.73    14.22   2.02    160.66  -226.4  3197    81.675  18.23   92.11   
3-30    18      7.2161  9.84    17.02   1.81    243.2   358.66  3075    95.511  18.418  91.617  
---------------------------------------------------------------------
Average :       5.286   9.749   15.08   1.975   189.3   99.8    3103    
Optimum :       1.758   10.45   29.45   2.76    108.1   23.18   3054    
 
4-1     27      1.7579  10.35   20.81   2.39    121.18  65.962  3031    87.705  14.509  89.974  
4-2     6       6.5518  9.46    11.9    1.67    248.55  335.13  3101    95.391  17.312  92.742  
4-3     26      1.6298  10.21   18.48   2.15    163.58  -42.4   3127    85.85   20      90.533  
4-4     22      1.141   9.74    14.01   2.16    127.25  -3.976  3072    85.695  10.58   90.861  
4-5     11      2.0509  9.44    11.02   1.85    188.5   74.268  3132    88.82   14.63   92.623  
4-6     20      9.711   10.07   21.83   2       221.8   426.68  3016    96.265  16.625  90.882  
4-7     12      1.9021  9.44    11.97   1.72    201.18  41.07   3149    88.778  19.138  92.84   
4-8     13      7.9331  9.9     18.18   1.89    231.42  377.87  3053    95.552  16.99   91.4    
4-9     28      1.7579  10.35   20.81   2.39    121.18  65.962  3031    87.705  14.509  89.974  
4-10    29      1.7579  10.35   20.81   2.39    121.18  65.962  3031    87.705  14.509  89.974  
4-11    17      4.0456  9.81    16.27   1.86    212.18  210.83  3103    92.132  17.819  91.74   
4-12    1       1.8837  8.2     4.51    1.42    191.64  50.566  3175    89.973  16.064  99.24   
4-13    2       9.7701  10.24   7.32    2.72    124.15  330.63  2928    94.287  16.937  88.692  
4-14    7       6.5518  9.46    11.9    1.67    248.55  335.13  3101    95.391  17.312  92.742  
4-15    16      1.6967  9.62    12.57   1.99    169.21  46.359  3118    87.646  13.394  91.905  
4-16    18      1.7472  10.4    12.72   2.35    150.7   62.419  3086    88.17   19.781  89.686  
4-17    8       7.2888  9.53    12.28   1.97    159.43  -307.6  3202    80      18.998  92.651  
4-18    15      9.5962  9.96    19.71   1.93    231.59  430.62  3027    96.459  16.459  91.18   
4-19    10      1.6898  9.31    9.88    1.83    185.7   20.626  3147    87.709  14.651  93.064  
4-20    19      2.6154  10.42   14.68   2.53    108.97  110.31  2983    88.815  14.488  89.533  
4-21    21      3.323   10.4    16.07   2.39    136.07  155.46  3022    89.973  16.064  89.832  
4-22    24      7.0821  10.11   22.04   2.03    203.64  332.77  3039    94.287  16.937  90.804  
4-23    30      2.41    10.25   29.45   2.39    108.11  99.867  2980    88.297  12.249  89.944  
4-24    4       7.1703  9.36    10.57   1.93    160.18  -304.9  3203    80.185  18.47   93.227  
4-25    25      7.0821  10.11   22.04   2.03    203.64  332.77  3039    94.287  16.937  90.804  
4-26    5       7.3804  9.42    11.08   1.96    159.47  -310.3  3203    80      18.52   93.028  
4-27    14      10.523  10.05   20.1    1.92    249.43  471.03  3027    97.484  18.363  90.921  
4-28    23      3.1668  9.93    18.25   1.96    193.52  159.65  3100    90.669  17.23   91.409  
4-29    3       7.5696  9.25    9.68    1.92    159.35  -315.5  3203    80      18.153  93.602  
4-30    9       1.9782  9.02    8.87    1.54    205.27  49.199  3161    89.553  19.623  94.29   
---------------------------------------------------------------------
Average :       4.692   9.805   15.33   2.032   176.9   112.2   3086    
Optimum :       1.141   10.42   29.45   2.72    109     -3.98   3031    
 
5-1     13      6.9081  10.03   19.94   1.93    225.41  338.68  3062    94.785  18.414  91.074  
5-2     18      2.7598  9.88    16.73   2.08    161.93  133.63  3073    89.422  13.386  91.2    
5-3     28      2.41    10.25   29.45   2.39    108.11  99.867  2980    88.297  12.249  89.944  
5-4     24      1.7579  10.35   20.81   2.39    121.18  65.962  3031    87.705  14.509  89.974  
5-5     15      1.141   9.74    14.01   2.16    127.25  -3.976  3072    85.695  10.58   90.861  
5-6     10      1.7472  10.4    12.72   2.35    150.7   62.419  3086    88.17   19.781  89.686  
5-7     25      1.7579  10.35   20.81   2.39    121.18  65.962  3031    87.705  14.509  89.974  
5-8     29      2.41    10.25   29.45   2.39    108.11  99.867  2980    88.297  12.249  89.944  
5-9     23      3.3564  10.21   21.58   2.22    147.49  -161.5  3173    82.781  18.544  90.747  
5-10    4       10.869  10.15   19.3    2       237.86  472.1   3013    97.356  18.392  90.591  
5-11    1       3.4331  8.76    1.25    0.91    55.708  -87.12  2880    85.268  14.605  87.231  
5-12    8       1.8039  9.48    12.55   1.72    199.6   18.303  3151    88.29   20      92.692  
5-13    17      9.0046  10.07   21.85   2       217.2   402.53  3022    95.767  16.656  90.883  
5-14    20      7.7125  10.11   22.02   2.03    207.64  355.97  3033    94.784  16.905  90.804  
5-15    11      1.7472  10.4    12.72   2.35    150.7   62.419  3086    88.17   19.781  89.686  
5-16    12      1.7472  10.4    12.72   2.35    150.7   62.419  3086    88.17   19.781  89.686  
5-17    14      2.6154  10.42   14.68   2.53    108.97  110.31  2983    88.815  14.488  89.533  
5-18    22      7.0821  10.11   22.04   2.03    203.64  332.77  3039    94.287  16.937  90.804  
5-19    5       7.4065  9.87    17.51   1.86    232.69  360.35  3063    95.281  17.263  91.51   
5-20    26      2.7275  10.18   22.87   2.14    169.08  132.14  3080    89.675  16.904  90.703  
5-21    27      2.6235  10.24   27.44   2.27    139     122.11  3040    89.051  14.486  90.337  
5-22    21      8.2872  10.1    22.38   2.04    207.79  374.1   3024    95.113  16.481  90.818  
5-23    30      2.41    10.25   29.45   2.39    108.11  99.867  2980    88.297  12.249  89.944  
5-24    7       1.5127  9.54    11.7    1.97    169     -6.316  3134    86.521  13.631  92.171  
5-25    19      6.8494  10.04   19.62   2.18    148.77  -286.2  3192    80      19.157  91.184  
5-26    6       3.4953  9.72    14.39   1.91    195.57  178.98  3099    91.065  15.377  91.874  
5-27    9       4.0456  9.81    16.27   1.86    212.18  210.83  3103    92.132  17.819  91.74   
5-28    16      1.141   9.74    14.01   2.16    127.25  -3.976  3072    85.695  10.58   90.861  
5-29    3       8.872   9.64    13.88   1.76    252.35  421.56  3061    96.729  16.251  92.095  
5-30    2       1.6463  8.26    4.62    1.51    183.94  -7.143  3176    88.355  15.004  98.607  
---------------------------------------------------------------------
Average :       4.043   9.958   17.96   2.076   165     134.2   3060    
Optimum :       1.141   10.42   29.45   2.53    109     -3.98   3062    
 
6-1     8       6.9081  10.03   19.94   1.93    225.41  338.68  3062    94.785  18.414  91.074  
6-2     29      2.41    10.25   29.45   2.39    108.11  99.867  2980    88.297  12.249  89.944  
6-3     26      2.5514  10.14   25.45   2.2     149.86  120     3059    89.064  14.487  90.658  
6-4     3       2.6581  10.43   11.7    2.65    97.802  105.49  2955    88.803  14.487  89.212  
6-5     25      2.7463  10.03   22.46   2.26    118.94  121.42  2995    88.683  11.236  90.326  
6-6     18      2.3042  10.38   18.41   2.39    130.78  102.27  3035    88.665  15.499  89.955  
6-7     21      1.9765  10.37   19.23   2.39    127.37  81.524  3037    88.144  15.209  89.973  
6-8     10      1.9809  10.44   14.03   2.46    128.76  82.001  3042    88.323  16.821  89.657  
6-9     22      3.3564  10.21   21.58   2.22    147.49  -161.5  3173    82.781  18.544  90.747  
6-10    11      2.6154  10.42   14.68   2.53    108.97  110.31  2983    88.815  14.488  89.533  
6-11    5       1.2832  9.68    13.33   2.14    125.83  26.265  3057    86.338  10      90.811  
6-12    17      4.0657  10.18   20.54   2.2     150.48  -193.6  3180    82.138  19.488  90.796  
6-13    23      1.7579  10.35   20.81   2.39    121.18  65.962  3031    87.705  14.509  89.974  
6-14    24      1.7579  10.35   20.81   2.39    121.18  65.962  3031    87.705  14.509  89.974  
6-15    4       2.141   9.72    13.88   2.09    145.13  93.737  3064    88.183  11.21   91.119  
6-16    1       8.2364  10.38   12.7    2.34    170.26  343.29  2994    94.4    17.976  89.629  
6-17    16      1.4055  9.89    16.86   2.18    131.12  36.774  3063    86.778  11.615  90.785  
6-18    2       10.092  10.32   15.41   2.23    191.11  411.18  2986    95.805  17.57   89.964  
6-19    28      2.903   10.27   27.32   2.34    124.74  131.4   3007    89.148  13.468  90.114  
6-20    12      2.541   9.85    16.22   2.03    171.91  120.02  3092    89.326  14.404  91.424  
6-21    6       1.8814  9.75    14.29   2.07    151.59  73.774  3083    87.873  12.118  91.272  
6-22    27      1.4253  10.23   23.28   2.51    80.102  11.002  2926    86.118  10.711  89.533  
6-23    30      2.41    10.25   29.45   2.39    108.11  99.867  2980    88.297  12.249  89.944  
6-24    19      9.2095  10.13   25.1    2.12    187.88  385.01  2989    95.054  14.949  90.606  
6-25    7       5.9052  9.99    17.7    2.25    134.88  -247    3183    80.424  14.92   91.189  
6-26    20      2.1871  10.01   19.87   2.02    181.12  91.068  3109    88.998  17.622  91.195  
6-27    9       6.9081  10.03   19.94   1.93    225.41  338.68  3062    94.785  18.414  91.074  
6-28    13      9.0046  10.07   21.85   2       217.2   402.53  3022    95.767  16.656  90.883  
6-29    14      2.7598  9.88    16.73   2.08    161.93  133.63  3073    89.422  13.386  91.2    
6-30    15      2.7598  9.88    16.73   2.08    161.93  133.63  3073    89.422  13.386  91.2    
---------------------------------------------------------------------
Average :       3.671   10.13   19.33   2.24    146.9   117.4   3044    
Optimum :       1.283   10.44   29.45   2.65    109     11      3062    
 
7-1     20      2.7463  10.03   22.46   2.26    118.94  121.42  2995    88.683  11.236  90.326  
7-2     5       2.6154  10.42   14.68   2.53    108.97  110.31  2983    88.815  14.488  89.533  
7-3     9       1.5904  10.41   15.03   2.59    93.192  43.978  2967    87.18   13.387  89.43   
7-4     26      3.4852  10.25   29.23   2.35    120.27  154.28  2983    89.621  12.822  90.058  
7-5     6       2.6027  9.86    16.35   2.06    162.8   124.15  3078    89.228  13.451  91.256  
7-6     22      2.714   10.15   26.42   2.2     148.55  129.13  3053    89.257  14.422  90.602  
7-7     27      2.41    10.25   29.45   2.39    108.11  99.867  2980    88.297  12.249  89.944  
7-8     3       9.5294  9.8     16.41   1.99    196.09  400.75  2994    95.311  12.806  91.189  
7-9     16      7.7415  10.26   23.44   2.3     142.96  305.02  2951    93.118  13.691  90.076  
7-10    10      3.1112  9.94    18.36   2.01    183.23  155.97  3090    90.349  15.959  91.324  
7-11    13      1.4055  9.89    16.86   2.18    131.12  36.774  3063    86.778  11.615  90.785  
7-12    18      1.8502  10.35   20.76   2.39    121.71  72.328  3029    87.856  14.509  89.974  
7-13    8       2.7598  9.88    16.73   2.08    161.93  133.63  3073    89.422  13.386  91.2    
7-14    19      1.7579  10.35   20.81   2.39    121.18  65.962  3031    87.705  14.509  89.974  
7-15    30      1.5835  10.22   29.89   2.43    95.14   44.799  2968    86.922  11.4    89.812  
7-16    11      1.1222  9.81    15.55   2.21    114.35  12.841  3037    85.974  10.093  90.505  
7-17    15      2.2308  10.07   19.73   2.08    166.68  -98.43  3142    84.644  20      90.977  
7-18    1       13.718  9.59    14      2       176.97  479.04  2906    96.479  10      90.908  
7-19    24      2.0716  10.17   26.55   2.22    145.52  88.946  3065    88.33   14.619  90.6    
7-20    4       9.4258  10.3    18.78   2.3     156.3   360.4   2949    94.428  14.838  89.981  
7-21    21      1.825   10.1    21.41   2.09    172.04  59.846  3109    88.159  17.693  90.964  
7-22    14      11.361  10.2    25.12   2.29    146.79  392.6   2902    94.922  12.971  90.054  
7-23    28      2.41    10.25   29.45   2.39    108.11  99.867  2980    88.297  12.249  89.944  
7-24    12      2.2338  9.92    17.67   2.09    160.11  99.529  3084    88.674  13.937  91.168  
7-25    29      2.41    10.25   29.45   2.39    108.11  99.867  2980    88.297  12.249  89.944  
7-26    7       6.2922  10.03   19.27   2.15    152.87  -273    3192    80.424  19.991  91.189  
7-27    25      1.6352  10.29   26.85   2.38    116.73  56.598  3025    87.376  13.459  90.062  
7-28    17      3.0619  10.33   21.16   2.36    129.73  140.92  3014    89.476  14.518  90.026  
7-29    2       10.752  9.86    17.59   1.85    255.15  481.94  3030    97.71   16.775  91.468  
7-30    23      1.2188  10.29   23.8    2.31    136.38  2.3569  3083    86.342  15.796  90.334  
---------------------------------------------------------------------
Average :       3.989   10.12   21.44   2.242   142     133.4   3025    
Optimum :       1.122   10.42   29.89   2.59    114.3   2.357   2995    
 
8-1     12      1.6543  10.18   18.67   2.09    174.5   33.922  3118    87.743  20      90.615  
8-2     6       4.1999  9.9     18.6    2.2     123.04  182.96  2970    90.037  10.439  90.406  
8-3     13      2.1387  10.36   20.03   2.39    124.08  90.989  3026    88.317  14.687  89.962  
8-4     30      1.1036  10.24   35.14   2.41    101.5   0.4512  3011    85.9    12.071  89.957  
8-5     21      1.2008  10.31   25.59   2.42    110.11  20.264  3025    86.493  13.281  89.977  
8-6     8       8.871   10.1    24.38   2.09    191.2   378.53  2998    94.956  15.029  90.698  
8-7     7       1.4055  9.89    16.86   2.18    131.12  36.774  3063    86.778  11.615  90.785  
8-8     15      1.825   10.1    21.41   2.09    172.04  59.846  3109    88.159  17.693  90.964  
8-9     2       2.4719  9.59    12.3    2.01    157.69  115.72  3076    88.838  11.264  91.458  
8-10    3       1.5251  10.33   8.84    2.88    73.758  5.5639  2915    86.58   13.739  88.757  
8-11    29      1.5512  10.16   33.09   2.34    108.81  48.751  3008    87.019  11.8    90.117  
8-12    11      1.7625  9.95    19.04   2.25    112.26  64.398  3007    87.252  10.542  90.332  
8-13    4       6.4836  9.9     15.72   2.24    133.11  -262.1  3186    80      14.01   91.292  
8-14    5       4.5086  10.38   14.29   2.3     162.26  217.01  3040    91.632  18.23   89.841  
8-15    26      1.5835  10.22   29.89   2.43    95.14   44.799  2968    86.922  11.4    89.812  
8-16    22      1.8918  10.16   28.88   2.26    131.9   76.25   3047    87.865  13.438  90.447  
8-17    23      2.41    10.25   29.45   2.39    108.11  99.867  2980    88.297  12.249  89.944  
8-18    1       2.753   10.22   8.62    2.91    65.054  76.999  2819    88.297  12.249  88.669  
8-19    9       1.2614  10.4    17.41   2.42    124.88  -24.33  3074    85.719  16.356  89.923  
8-20    17      1.5184  10.06   21.39   2.13    158.9   30.831  3105    87.222  15.893  90.998  
8-21    14      3.0619  10.33   21.16   2.36    129.73  140.92  3014    89.476  14.518  90.026  
8-22    10      7.7415  10.26   23.44   2.3     142.96  305.02  2951    93.118  13.691  90.076  
8-23    24      2.41    10.25   29.45   2.39    108.11  99.867  2980    88.297  12.249  89.944  
8-24    25      2.41    10.25   29.45   2.39    108.11  99.867  2980    88.297  12.249  89.944  
8-25    19      4.2423  10.27   25.43   2.37    119.58  182.02  2966    90.274  12.851  89.974  
8-26    16      1.825   10.1    21.41   2.09    172.04  59.846  3109    88.159  17.693  90.964  
8-27    27      1.5835  10.22   29.89   2.43    95.14   44.799  2968    86.922  11.4    89.812  
8-28    28      1.5835  10.22   29.89   2.43    95.14   44.799  2968    86.922  11.4    89.812  
8-29    18      2.2174  10.33   22.23   2.4     116.59  93.311  3008    88.277  13.68   89.942  
8-30    20      1.9903  10.29   25.73   2.39    112.89  78.923  3005    87.876  13.078  89.977  
---------------------------------------------------------------------
Average :       2.706   10.17   22.59   2.333   125.3   81.56   3016    
Optimum :       1.104   10.4    35.14   2.91    112.3   0.451   3118    
 
9-1     24      1.5512  10.16   33.09   2.34    108.81  48.751  3008    87.019  11.8    90.117  
9-2     13      4.2423  10.27   25.43   2.37    119.58  182.02  2966    90.274  12.851  89.974  
9-3     14      1.8478  10.16   23.94   2.17    157.94  69.064  3090    88.095  16.225  90.737  
9-4     28      1.1036  10.24   35.14   2.41    101.5   0.4512  3011    85.9    12.071  89.957  
9-5     7       1.8887  10.08   21.08   2.07    174.58  65.266  3110    88.328  17.843  91.004  
9-6     9       2.1177  10.34   21.91   2.42    113.63  86.631  3003    88.108  13.529  89.902  
9-7     22      1.5835  10.22   29.89   2.43    95.14   44.799  2968    86.922  11.4    89.812  
9-8     6       2.1387  10.36   20.03   2.39    124.08  90.989  3026    88.317  14.687  89.962  
9-9     18      1.8918  10.16   28.88   2.26    131.9   76.25   3047    87.865  13.438  90.447  
9-10    29      1.1036  10.24   35.14   2.41    101.5   0.4512  3011    85.9    12.071  89.957  
9-11    23      5.8144  10.11   35.13   2.32    113.05  224.66  2916    91.074  11.035  90.014  
9-12    12      1.1112  10.36   20.84   2.49    101.53  4.0934  3010    86.122  13.216  89.772  
9-13    1       1.5228  10.33   8.83    2.88    73.866  5.5326  2916    86.58   13.755  88.757  
9-14    10      2.2174  10.33   22.23   2.4     116.59  93.311  3008    88.277  13.68   89.942  
9-15    3       7.7415  10.26   23.44   2.3     142.96  305.02  2951    93.118  13.691  90.076  
9-16    4       1.7625  9.95    19.04   2.25    112.26  64.398  3007    87.252  10.542  90.332  
9-17    27      1.1689  10.24   34.54   2.41    101.74  13.147  3006    86.202  12.032  89.95   
9-18    21      2.1675  10.25   29.79   2.39    107.72  87      2986    87.994  12.288  89.951  
9-19    30      1.1036  10.24   35.14   2.41    101.5   0.4512  3011    85.9    12.071  89.957  
9-20    19      1.8918  10.16   28.88   2.26    131.9   76.25   3047    87.865  13.438  90.447  
9-21    8       1.825   10.1    21.41   2.09    172.04  59.846  3109    88.159  17.693  90.964  
9-22    11      2.2174  10.33   22.23   2.4     116.59  93.311  3008    88.277  13.68   89.942  
9-23    20      3.0755  10.24   30.29   2.38    109.91  131.29  2967    89.025  12.124  89.952  
9-24    26      1.3577  10.25   33.99   2.43    100.24  -30.33  3021    85.172  12.196  89.949  
9-25    17      1.2008  10.31   25.59   2.42    110.11  20.264  3025    86.493  13.281  89.977  
9-26    25      1.5512  10.16   33.09   2.34    108.81  48.751  3008    87.019  11.8    90.117  
9-27    5       1.767   9.98    19.17   2.15    146.78  65.296  3078    87.713  13.423  90.931  
9-28    15      1.4957  10.08   24.1    2.29    114.65  45.856  3024    86.93   11.631  90.301  
9-29    2       7.372   10.3    19.88   2.28    157.2   308.1   2981    93.342  15.199  90.094  
9-30    16      3.2543  10.17   26.96   2.21    151.08  157.79  3044    89.931  14.517  90.566  
---------------------------------------------------------------------
Average :       2.37    10.21   26.3    2.346   120.6   81.29   3012    
Optimum :       1.104   10.36   35.14   2.88    112.3   0.451   3008    
 
10-1    14      1.6639  10.26   30.38   2.4     106.36  55.893  2998    87.259  12.358  89.959  
10-2    23      1.355   10.23   34.22   2.4     102.56  31.293  2999    86.635  12.001  89.949  
10-3    18      1.5512  10.16   33.09   2.34    108.81  48.751  3008    87.019  11.8    90.117  
10-4    19      1.5512  10.16   33.09   2.34    108.81  48.751  3008    87.019  11.8    90.117  
10-5    30      4.7969  10.15   41.52   2.31    120.08  200.88  2954    90.595  11.8    90.117  
10-6    12      1.8918  10.16   28.88   2.26    131.9   76.25   3047    87.865  13.438  90.447  
10-7    15      5.8144  10.11   35.13   2.32    113.05  224.66  2916    91.074  11.035  90.014  
10-8    9       1.4957  10.08   24.1    2.29    114.65  45.856  3024    86.93   11.631  90.301  
10-9    25      1.6059  10.19   35.79   2.39    99.643  48.977  2981    87.003  11.412  89.925  
10-10   2       2.8424  7.37    -1.02   -1.28   42.602  -29.7   2743    86.938  11.788  86.891  
10-11   4       2.2174  10.33   22.23   2.4     116.59  93.311  3008    88.277  13.68   89.942  
10-12   20      1.5512  10.16   33.09   2.34    108.81  48.751  3008    87.019  11.8    90.117  
10-13   24      1.7638  10.23   34.88   2.38    106.44  62.548  2995    87.392  12.121  89.985  
10-14   8       1.6893  10.1    23.98   2.24    133.35  61.199  3056    87.492  13.117  90.579  
10-15   26      1.1036  10.24   35.14   2.41    101.5   0.4512  3011    85.9    12.071  89.957  
10-16   27      1.1036  10.24   35.14   2.41    101.5   0.4512  3011    85.9    12.071  89.957  
10-17   29      2.6464  10.19   38.27   2.31    122.38  118.03  3007    88.751  12.652  90.219  
10-18   6       1.4239  10.12   22.33   2.15    159.48  0.3005  3114    86.596  16.992  90.902  
10-19   28      1.1036  10.24   35.14   2.41    101.5   0.4512  3011    85.9    12.071  89.957  
10-20   3       1.6867  10.39   13.41   2.34    150.05  57.016  3086    88.008  19.448  89.768  
10-21   16      5.8144  10.11   35.13   2.32    113.05  224.66  2916    91.074  11.035  90.014  
10-22   21      1.5512  10.16   33.09   2.34    108.81  48.751  3008    87.019  11.8    90.117  
10-23   5       1.1112  10.36   20.84   2.49    101.53  4.0934  3010    86.122  13.216  89.772  
10-24   7       1.8478  10.16   23.94   2.17    157.94  69.064  3090    88.095  16.225  90.737  
10-25   13      1.1597  10.13   28.54   2.38    96.627  1.2768  2995    85.803  10.962  89.964  
10-26   11      5.5712  10.2    31.24   2.33    119.81  224.21  2940    91.171  12.145  90.007  
10-27   10      9.776   10.15   32.72   2.28    135.86  345.41  2904    93.849  12.19   90.083  
10-28   17      1.1126  10.27   30.9    2.38    114.32  11.851  3039    86.288  13.301  90.11   
10-29   22      2.394   10.22   34.34   2.37    108.35  99.182  2981    88.256  12.047  89.983  
10-30   1       3.7232  5.58    -3.43   -3.6    44.404  73.049  2764    89.837  10.789  86.393  
---------------------------------------------------------------------
Average :       2.497   9.948   28.54   2.021   111.7   76.52   2988    
Optimum :       1.104   10.39   41.52   2.49    113     0.301   2998    
 
11-1    16      2.5499  10.23   32.69   2.37    111.01  108.22  2983    88.489  12.267  90.001  
11-2    29      2.4916  10.18   38.15   2.31    119.64  109.12  3005    88.518  12.431  90.2    
11-3    21      1.4766  10.17   33.39   2.34    111.1   43.74   3016    86.921  12.024  90.156  
11-4    22      1.4281  10.23   33.24   2.41    100.22  36.078  2990    86.733  11.778  89.909  
11-5    30      4.7969  10.15   41.52   2.31    120.08  200.88  2954    90.595  11.8    90.117  
11-6    10      1.0823  10.32   24.89   2.44    105.86  -6.039  3026    85.853  13.16   89.923  
11-7    4       6.6865  10.33   18.75   2.36    137.69  271.88  2962    92.462  14.395  89.902  
11-8    27      1.6817  10.18   36.63   2.34    111.68  58.789  3010    87.287  12.075  90.138  
11-9    14      1.6194  10.15   31.35   2.33    111.29  54.338  3011    87.159  11.878  90.163  
11-10   2       2.8424  7.37    -1.02   -1.28   42.602  -29.7   2743    87.251  12.043  89.939  
11-11   5       2.2174  10.33   22.23   2.4     116.59  93.311  3008    89.624  12.547  86.912  
11-12   18      1.5512  10.16   33.09   2.34    108.81  48.751  3008    88.469  10.289  89.464  
11-13   23      1.7638  10.23   34.88   2.38    106.44  62.548  2995    90.618  11.241  89.936  
11-14   9       1.6893  10.1    23.98   2.24    133.35  61.199  3056    88.733  13.474  90.02   
11-15   24      1.1036  10.24   35.14   2.41    101.5   0.4512  3011    85.9    12.071  89.957  
11-16   25      1.1036  10.24   35.14   2.41    101.5   0.4512  3011    86.635  12.001  89.949  
11-17   28      2.6464  10.19   38.27   2.31    122.38  118.03  3007    91.074  11.035  90.014  
11-18   7       1.4239  10.12   22.33   2.15    159.48  0.3005  3114    87.019  11.8    90.117  
11-19   26      1.1036  10.24   35.14   2.41    101.5   0.4512  3011    91.074  11.035  90.014  
11-20   3       1.6867  10.39   13.41   2.34    150.05  57.016  3086    91.074  11.035  90.014  
11-21   15      5.8144  10.11   35.13   2.32    113.05  224.66  2916    91.043  10.558  90.016  
11-22   19      1.5512  10.16   33.09   2.34    108.81  48.751  3008    85.931  12.548  89.955  
11-23   6       1.1112  10.36   20.84   2.49    101.53  4.0934  3010    85.9    12.071  89.957  
11-24   8       1.8478  10.16   23.94   2.17    157.94  69.064  3090    91.074  11.035  90.014  
11-25   13      1.1597  10.13   28.54   2.38    96.627  1.2768  2995    86.635  12.001  89.949  
11-26   12      5.5712  10.2    31.24   2.33    119.81  224.21  2940    85.9    12.071  89.957  
11-27   11      9.776   10.15   32.72   2.28    135.86  345.41  2904    87.086  12.237  89.99   
11-28   17      1.1126  10.27   30.9    2.38    114.32  11.851  3039    87.324  11.684  90.112  
11-29   20      2.394   10.22   34.34   2.37    108.35  99.182  2981    87.182  12.818  90.027  
11-30   1       3.7232  5.58    -3.43   -3.6    44.404  73.049  2764    88.204  12.555  90.14   
---------------------------------------------------------------------
Average :       2.567   9.963   28.35   2.026   112.4   79.71   2988    
Optimum :       1.082   10.39   41.52   2.49    111.7   0.301   2983    
 
