Sel: Roul-wheel	Xov: Blend-X prob:70	Mut: Uniform prob:4

Run     Rank    SWR     Gain    F/B     F/R     R-a     X-a     Eff.    H       R       

1-1     18      1.3013  -9.47   15.68   8.79    681.51  -154.9  82.76   1       820     
1-2     10      1.4082  -8.56   13.38   8.44    643.44  -190.8  77.5    1.3629  1042.5  
1-3     15      1.3592  -9.07   14.23   8.65    658.36  -173    80.63   1.1418  955.62  
1-4     26      1.2775  -8.48   19.16   8.73    679.1   -134.6  75.87   1.4358  651.46  
1-5     2       1.4417  -8.5    12.49   8.34    634.19  -202.9  77.57   1.3881  1159.9  
1-6     11      1.4026  -8.37   13.73   8.39    645.7   -189.4  75.86   1.4679  998.42  
1-7     25      1.2813  -8.35   18.94   8.68    676.64  -134.9  74.76   1.5135  661.16  
1-8     12      1.3719  -9.11   13.67   8.62    654.01  -177.3  81.04   1.1264  1018    
1-9     19      1.3397  -8.03   15.96   8.38    661.49  -162.5  72.13   1.7103  808.95  
1-10    21      1.2353  -10.05  17.19   8.87    717.43  -137.5  85.81   0.83    692.79  
1-11    1       1.4524  -8.4    12.3    8.3     631.93  -207.3  77.02   1.4341  1184.2  
1-12    17      1.3688  -7.81   14.75   8.16    656.1   -177.3  70.37   1.866   889.31  
1-13    14      1.3801  -7.69   14.3    8.04    654.66  -183.6  69.39   1.9582  923.01  
1-14    27      1.2151  -9.82   20.09   8.96    724.51  -128    85.04   0.8826  568.88  
1-15    16      1.3795  -7.88   14.47   8.19    653.42  -181.9  71.2    1.8036  914.67  
1-16    3       1.4288  -8.78   12.48   8.45    636.31  -196.7  79.53   1.256   1173.6  
1-17    29      1.2433  -8.32   21.6    8.78    685.11  -113.6  74.6    1.5436  575.45  
1-18    22      1.2347  -10.03  17.3    8.88    717.62  -137.2  85.77   0.8325  687.19  
1-19    5       1.4326  -8.33   12.88   8.3     637.91  -201    76      1.4833  1096.9  
1-20    6       1.3868  -9.34   12.61   8.6     648.37  -181.6  82.78   1.046   1171.1  
1-21    4       1.4213  -8.88   12.53   8.48    638.16  -193.8  80.14   1.2144  1169.3  
1-22    7       1.4212  -8.46   13.1    8.39    640.16  -195.9  76.94   1.4099  1075.4  
1-23    28      1.2365  -9.32   20.52   8.94    705.57  -128.9  82.15   1.045   580.15  
1-24    8       1.4188  -7.75   13.26   7.99    646.34  -200.8  70.61   1.8844  1024.5  
1-25    9       1.3056  -10.22  12.59   8.69    681.55  -158    86.92   0.8042  1187.4  
1-26    23      1.276   -9.13   18.17   8.85    687.91  -142.4  80.72   1.1186  678.38  
1-27    13      1.1581  -11.84  12.88   8.65    802.43  -117.7  91.96   0.5218  1068.2  
1-28    24      1.268   -9.26   18.3    8.87    692.53  -140.8  81.58   1.0677  668.4   
1-29    20      1.3142  -8.38   17.15   8.61    668.8   -151.6  75.13   1.4829  742.18  
1-30    30      1.2134  -8.42   24.45   8.9     693.96  -97.89  75.8    1.4855  508.2   
---------------------------------------------------------------------
Average :       1.332   -8.87   15.67   8.564   671.8   -163    78.59   
Optimum :       1.158   -7.69   24.45   8.96    802.4   -97.9   91.96   
 
2-1     28      1.2134  -8.42   24.45   8.9     693.96  -97.89  75.8    1.4855  508.2   
2-2     29      1.2134  -8.42   24.45   8.9     693.96  -97.89  75.8    1.4855  508.2   
2-3     9       1.3013  -9.47   15.68   8.79    681.51  -154.9  82.76   1       820     
2-4     16      1.2353  -10.05  17.19   8.87    717.43  -137.5  85.81   0.83    692.79  
2-5     13      1.2891  -9.28   16.94   8.82    684.76  -149.1  81.65   1.0619  739.27  
2-6     12      1.2839  -9.44   16.7    8.83    688.35  -148.7  82.61   1.0059  749.12  
2-7     23      1.2151  -9.82   20.09   8.96    724.51  -128    85.04   0.8826  568.88  
2-8     2       1.4082  -8.56   13.38   8.44    643.44  -190.8  77.5    1.3629  1042.5  
2-9     6       1.2817  -10.13  14.06   8.76    693.68  -151.8  86.18   0.8204  963.99  
2-10    26      1.2509  -7.88   20.31   8.54    677.48  -110.8  70.2    1.8781  612.51  
2-11    20      1.2813  -8.35   18.94   8.68    676.64  -134.9  74.76   1.5135  661.16  
2-12    3       1.3795  -7.88   14.47   8.19    653.42  -181.9  71.2    1.8036  914.67  
2-13    24      1.2631  -8.47   20.12   8.77    682.64  -127.1  75.81   1.4453  617.57  
2-14    8       1.3614  -7.77   14.96   8.15    657.75  -173.9  69.9    1.902   872.55  
2-15    18      1.268   -9.26   18.3    8.87    692.53  -140.8  81.58   1.0677  668.4   
2-16    7       1.3688  -7.81   14.75   8.16    656.1   -177.3  70.37   1.866   889.31  
2-17    27      1.2114  -8.89   24.55   8.99    705.37  -108.9  79.65   1.2235  500     
2-18    5       1.3695  -8.78   14.39   8.59    654.65  -176.3  78.7    1.262   938.55  
2-19    25      1.2385  -9.25   20.59   8.94    703.56  -128.7  81.73   1.0697  580.91  
2-20    1       1.325   -9.99   12.74   8.69    672.63  -163.3  85.89   0.8589  1159.1  
2-21    22      1.2679  -8.11   19.63   8.62    676.95  -124.6  72.56   1.6813  637.1   
2-22    21      1.2422  -9.51   19.26   8.92    706.47  -133.9  83.16   0.9809  616.73  
2-23    10      1.3013  -9.47   15.68   8.79    681.51  -154.9  82.76   1       820     
2-24    17      1.2347  -10.03  17.3    8.88    717.62  -137.2  85.77   0.8325  687.19  
2-25    11      1.3271  -8.76   16.18   8.67    667.63  -159.8  78.17   1.2792  796.17  
2-26    19      1.2832  -8.63   18.69   8.76    679.43  -139.4  77.13   1.3481  667.66  
2-27    14      1.3142  -8.38   17.15   8.61    668.8   -151.6  75.13   1.4829  742.18  
2-28    4       1.3795  -7.88   14.47   8.19    653.42  -181.9  71.2    1.8036  914.67  
2-29    15      1.3142  -8.38   17.15   8.61    668.8   -151.6  75.13   1.4829  742.18  
2-30    30      1.2134  -8.42   24.45   8.9     693.96  -97.89  75.8    1.4855  508.2   
---------------------------------------------------------------------
Average :       1.288   -8.85   17.9    8.693   682.3   -144    78.33   
Optimum :       1.211   -7.77   24.55   8.99    724.5   -97.9   86.18   
 
3-1     3       1.3073  -9.47   15.38   8.78    679.11  -156.9  82.8    0.9996  844.82  
3-2     9       1.2817  -9.28   17.37   8.84    687.52  -146.3  81.64   1.0623  714.46  
3-3     6       1.2397  -10.09  16.65   8.86    715.54  -139.3  85.98   0.8202  726.1   
3-4     12      1.2788  -9.25   17.65   8.84    688.28  -144.8  81.45   1.0741  700.37  
3-5     25      1.2434  -8.14   21.38   8.7     682.16  -110.1  72.87   1.673   582.07  
3-6     26      1.2386  -8.4    22.04   8.81    687.55  -112.4  75.34   1.4938  563.24  
3-7     11      1.3044  -8.53   17.56   8.68    672.5   -148.2  76.32   1.3998  719.75  
3-8     10      1.2423  -9.93   17.29   8.88    712.34  -138.7  85.24   0.8603  693.14  
3-9     2       1.3498  -8.37   15.58   8.51    659.6   -167.7  75.25   1.4815  837.67  
3-10    30      1.2095  -8.42   24.85   8.91    694.85  -95.45  75.84   1.4868  500     
3-11    4       1.3202  -7.87   16.61   8.33    665.33  -152.3  70.38   1.8475  768.36  
3-12    14      1.2922  -8.23   18.28   8.6     672.9   -139.4  73.7    1.588   688.96  
3-13    7       1.3142  -8.38   17.15   8.61    668.8   -151.6  75.13   1.4829  742.18  
3-14    28      1.2134  -8.42   24.45   8.9     693.96  -97.89  75.8    1.4855  508.2   
3-15    24      1.2631  -8.47   20.12   8.77    682.64  -127.1  75.81   1.4453  617.57  
3-16    1       1.2817  -10.13  14.06   8.76    693.68  -151.8  86.18   0.8204  963.99  
3-17    16      1.2841  -8.6    18.66   8.75    678.77  -139.4  76.86   1.3656  669.3   
3-18    19      1.2705  -8.54   19.58   8.77    681.77  -132.1  76.43   1.3991  635.07  
3-19    20      1.2679  -8.11   19.63   8.62    676.95  -124.6  72.56   1.6813  637.1   
3-20    21      1.2151  -9.82   20.09   8.96    724.51  -128    85.04   0.8826  568.88  
3-21    18      1.2757  -8.65   19.15   8.78    681.75  -136    77.26   1.3409  649.06  
3-22    17      1.2794  -8.53   19      8.74    679.17  -136.2  76.26   1.4081  656.44  
3-23    15      1.2662  -9.26   18.43   8.87    693.17  -140.1  81.57   1.0688  662.47  
3-24    5       1.2907  -9.28   16.84   8.82    684.19  -149.7  81.67   1.0608  745.2   
3-25    8       1.2079  -10.46  16.96   8.86    738.95  -132    87.65   0.7343  683.09  
3-26    13      1.2793  -9.02   18.25   8.83    685.39  -142.5  79.99   1.1634  678.1   
3-27    22      1.2151  -9.82   20.09   8.96    724.51  -128    85.04   0.8826  568.88  
3-28    23      1.2151  -9.82   20.09   8.96    724.51  -128    85.04   0.8826  568.88  
3-29    27      1.2114  -8.89   24.55   8.99    705.37  -108.9  79.65   1.2235  500     
3-30    29      1.2134  -8.42   24.45   8.9     693.96  -97.89  75.8    1.4855  508.2   
---------------------------------------------------------------------
Average :       1.262   -8.95   19.07   8.786   691     -133    79.02   
Optimum :       1.208   -7.87   24.85   8.99    738.9   -95.5   87.65   
 
4-1     20      1.2386  -8.4    22.04   8.81    687.55  -112.4  75.34   1.4938  563.24  
4-2     27      1.2114  -8.89   24.55   8.99    705.37  -108.9  79.65   1.2235  500     
4-3     10      1.2757  -8.65   19.15   8.78    681.75  -136    77.26   1.3409  649.06  
4-4     7       1.2841  -8.6    18.66   8.75    678.77  -139.4  76.86   1.3656  669.3   
4-5     8       1.2841  -8.6    18.66   8.75    678.77  -139.4  76.86   1.3656  669.3   
4-6     14      1.2151  -9.82   20.09   8.96    724.51  -128    85.04   0.8826  568.88  
4-7     15      1.2151  -9.82   20.09   8.96    724.51  -128    85.04   0.8826  568.88  
4-8     16      1.2151  -9.82   20.09   8.96    724.51  -128    85.04   0.8826  568.88  
4-9     28      1.2111  -8.42   24.69   8.91    694.5   -96.52  75.83   1.4854  503.42  
4-10    29      1.2095  -8.42   24.85   8.91    694.85  -95.45  75.84   1.4868  500     
4-11    5       1.1763  -10.88  17.34   8.86    771.04  -124.3  89.39   0.6497  624.57  
4-12    6       1.2948  -8.39   18.15   8.66    673.74  -142.3  75.14   1.4836  693.59  
4-13    23      1.2022  -9.55   23.11   9.01    724.71  -118.5  83.9    0.9626  500     
4-14    4       1.3124  -8.56   17.12   8.66    670.53  -152.1  76.57   1.3832  741.83  
4-15    18      1.2518  -8.86   20.57   8.88    692.06  -128    78.98   1.2368  595.13  
4-16    26      1.21    -9.1    24.18   9       710.71  -112.9  81.09   1.1313  500     
4-17    30      1.2095  -8.42   24.85   8.91    694.85  -95.45  75.84   1.4868  500     
4-18    17      1.2631  -8.47   20.12   8.77    682.64  -127.1  75.81   1.4453  617.57  
4-19    13      1.266   -8.55   19.89   8.78    683.01  -129.8  76.46   1.3987  624.23  
4-20    11      1.2768  -8.45   19.21   8.72    678.9   -133.9  75.6    1.4546  649.78  
4-21    9       1.2807  -8.12   18.86   8.59    674.45  -132    72.67   1.6684  665.33  
4-22    25      1.2255  -8.39   23.21   8.84    690.35  -104.3  75.32   1.5067  535.01  
4-23    22      1.2317  -8.8    22.47   8.93    697.13  -117.2  78.72   1.267   545.62  
4-24    1       1.3523  -9.1    14.44   8.66    660.81  -170.7  80.75   1.1317  934.27  
4-25    24      1.2259  -8.25   23.01   8.81    687.67  -101.4  74.09   1.5962  539.84  
4-26    3       1.1847  -10.89  16.32   8.83    762.53  -127.1  89.27   0.6521  698.34  
4-27    21      1.2355  -8.15   22.02   8.73    683.85  -105.2  73      1.6698  564.44  
4-28    12      1.2756  -8.11   19.13   8.58    675.3   -128.9  72.48   1.6846  654.74  
4-29    2       1.3521  -8.35   15.49   8.49    658.96  -168.7  75.07   1.4955  843.29  
4-30    19      1.2412  -8.16   21.58   8.71    682.9   -109.1  73.07   1.6591  576.45  
---------------------------------------------------------------------
Average :       1.248   -8.83   20.46   8.807   695     -125    78.2    
Optimum :       1.176   -8.11   24.85   9.01    771     -95.5   89.39   
 
5-1     1       1.3977  -8.05   13.97   8.25    648.37  -189    73.04   1.6698  965.07  
5-2     7       1.2807  -8.12   18.86   8.59    674.45  -132    72.67   1.6684  665.33  
5-3     24      1.2301  -8.48   22.84   8.86    691.07  -109.2  76.09   1.4475  543.09  
5-4     12      1.2715  -8.39   19.56   8.72    679.49  -130.3  75.11   1.4916  637.71  
5-5     20      1.2326  -7.91   21.67   8.61    680.59  -98.19  70.5    1.8692  570.88  
5-6     9       1.1765  -10.68  18.74   8.9     767.23  -123.2  88.86   0.6832  562.44  
5-7     15      1.261   -8.07   20.02   8.61    677.81  -119.8  72.13   1.7181  623.68  
5-8     17      1.2568  -8.55   20.56   8.81    685.6   -125.3  76.57   1.3955  602.55  
5-9     21      1.2382  -8.31   22.02   8.79    686.1   -110.4  74.56   1.5508  564.61  
5-10    6       1.2848  -8.39   18.73   8.69    676.28  -137.3  75.15   1.4846  669.12  
5-11    29      1.2097  -8.1    24.07   8.79    687.66  -85.89  72.71   1.7211  510.78  
5-12    19      1.2405  -8.51   21.9    8.84    689.08  -115.8  76.3    1.4248  565.67  
5-13    25      1.2022  -9.55   23.11   9.01    724.71  -118.5  83.9    1.5703  500     
5-14    5       1.3124  -8.56   17.12   8.66    670.53  -152.1  76.57   1.0478  500     
5-15    16      1.2518  -8.86   20.57   8.88    692.06  -128    78.98   1.4453  617.57  
5-16    28      1.21    -9.1    24.18   9       710.71  -112.9  81.09   1.5067  535.01  
5-17    30      1.2095  -8.42   24.85   8.91    694.85  -95.45  75.84   1.4868  500     
5-18    14      1.2631  -8.47   20.12   8.77    682.64  -127.1  75.81   1.6247  564.27  
5-19    13      1.266   -8.55   19.89   8.78    683.01  -129.8  76.46   1.4263  562.16  
5-20    10      1.2768  -8.45   19.21   8.72    678.9   -133.9  75.6    1.7196  514.29  
5-21    8       1.2807  -8.12   18.86   8.59    674.45  -132    72.67   1.1725  1025.8  
5-22    27      1.2255  -8.39   23.21   8.84    690.35  -104.3  75.32   1.2839  514.15  
5-23    23      1.2317  -8.8    22.47   8.93    697.13  -117.2  78.72   1.0677  821.62  
5-24    2       1.3523  -9.1    14.44   8.66    660.81  -170.7  80.75   1.0683  646.24  
5-25    26      1.2259  -8.25   23.01   8.81    687.67  -101.4  74.09   1.6591  576.45  
5-26    4       1.1847  -10.89  16.32   8.83    762.53  -127.1  89.27   1.6698  564.44  
5-27    22      1.2355  -8.15   22.02   8.73    683.85  -105.2  73      1.3146  500     
5-28    11      1.2756  -8.11   19.13   8.58    675.3   -128.9  72.48   1.409   624.88  
5-29    3       1.3521  -8.35   15.49   8.49    658.96  -168.7  75.07   1.4938  563.24  
5-30    18      1.2412  -8.16   21.58   8.71    682.9   -109.1  73.07   1.5962  539.84  
---------------------------------------------------------------------
Average :       1.256   -8.59   20.28   8.745   688.5   -125    76.41   
Optimum :       1.176   -7.91   24.85   9.01    767.2   -85.9   89.27   
 
