Sel: Roul-wheel	Xov: Blend-X prob:70	Mut: Uniform prob:4

Run     Rank    SWR     Gain    F/B     F/R     R-a     X-a     Eff.    L       R       

1-1     30      1.2801  0       0       0       39.062  0.2929  99.15   1.0419  0.4     
1-2     19      2.0828  0       0       0       42.048  33.47   99.16   1.0753  0.3161  
1-3     20      1.9319  0       0       0       37.72   -26.4   99.17   1.015   0.4413  
1-4     5       7.118   0       0       0       53.661  118.72  99.22   1.1499  0.3921  
1-5     17      2.7811  0       0       0       48.008  52.289  99.24   1.0866  0.4638  
1-6     4       7.0828  0       0       0       56.284  121.09  99.26   1.149   0.4436  
1-7     21      1.8882  0       0       0       35.843  -23.42  99.12   1.0207  0.3673  
1-8     23      1.6087  0       0       0       36.436  -15.35  99.12   1.0291  0.338   
1-9     7       6.7033  0       0       0       33.507  -88.64  99.17   0.9546  0.4843  
1-10    25      1.5642  0       0       0       40.805  18.184  99.16   1.0589  0.3923  
1-11    15      2.8989  0       0       0       44.887  52.588  99.18   1.0908  0.3918  
1-12    16      2.7666  0       0       0       43.923  49.401  99.17   1.0899  0.326   
1-13    12      4.9653  0       0       0       55.296  93.419  99.29   1.1218  0.4899  
1-14    8       6.1441  0       0       0       55.851  109.51  99.27   1.1376  0.4641  
1-15    10      5.5126  0       0       0       32.498  -75.47  99.12   0.9691  0.4296  
1-16    22      1.6218  0       0       0       37.016  -16.51  99.13   1.0264  0.3906  
1-17    18      2.5421  0       0       0       43.932  44.922  99.18   1.0838  0.3909  
1-18    14      3.3065  0       0       0       48.626  62.529  99.23   1.0967  0.4512  
1-19    24      1.5951  0       0       0       41.597  19.779  99.17   1.0596  0.4113  
1-20    11      5.5133  0       0       0       30.921  -73.13  99.07   0.974   0.3069  
1-21    26      1.5487  0       0       0       40.125  17.103  99.15   1.059   0.3633  
1-22    1       20.19   0       0       0       24.757  -148.1  98.99   0.9015  0.3365  
1-23    28      1.373   0       0       0       39.636  9.6638  99.15   1.0513  0.3832  
1-24    9       5.8912  0       0       0       57.441  107.74  99.3    1.1343  0.4905  
1-25    13      4.2065  0       0       0       47.156  75.862  99.18   1.1136  0.3485  
1-26    6       6.8258  0       0       0       53.164  114.92  99.22   1.1465  0.3936  
1-27    29      1.2733  0       0       0       39.505  2.3972  99.16   1.0436  0.407   
1-28    2       16.756  0       0       0       29.134  -145.4  99.15   0.9006  0.498   
1-29    27      1.4049  0       0       0       37.331  -7.568  99.12   1.0361  0.3537  
1-30    3       10.564  0       0       0       31.242  -114.8  99.16   0.9299  0.4866  
---------------------------------------------------------------------
Average :       4.698   0       0       0       41.91   12.3    99.17   
Optimum :       1.273   0       0       0       48.63   0.293   99.3    
 
2-1     30      1.2801  0       0       0       39.062  0.2929  99.15   1.0419  0.4     
2-2     18      1.8514  0       0       0       35.99   -22.54  99.12   1.0214  0.371   
2-3     1       7.1492  0       0       0       61.204  126.73  99.31   1.15    0.5     
2-4     7       3.881   0       0       0       32.545  -56.35  99.09   0.9894  0.3616  
2-5     13      2.7811  0       0       0       48.008  52.289  99.24   1.0866  0.4638  
2-6     28      1.373   0       0       0       39.636  9.6638  99.15   1.0513  0.3832  
2-7     17      2.4535  0       0       0       34.903  -35.7   99.11   1.0085  0.3832  
2-8     5       5.5126  0       0       0       32.498  -75.47  99.12   0.9691  0.4296  
2-9     2       7.1537  0       0       0       60.502  126.11  99.31   1.15    0.4925  
2-10    4       6.1072  0       0       0       32.265  -81.09  99.13   0.9636  0.4387  
2-11    20      1.6542  0       0       0       40.537  20.854  99.15   1.0635  0.318   
2-12    8       3.4162  0       0       0       33.377  -50.75  99.1    0.9943  0.3798  
2-13    19      1.6758  0       0       0       37.584  -18.92  99.15   1.0231  0.4177  
2-14    29      1.3448  0       0       0       39.039  -7.242  99.17   1.0338  0.4236  
2-15    10      2.9827  0       0       0       44.433  53.825  99.17   1.0939  0.33    
2-16    9       3.0463  0       0       0       44.55   55.065  99.17   1.0949  0.3347  
2-17    24      1.5487  0       0       0       40.125  17.103  99.15   1.059   0.3633  
2-18    21      1.6087  0       0       0       36.436  -15.35  99.12   1.0291  0.338   
2-19    6       4.2046  0       0       0       47.189  75.861  99.18   1.1139  0.3383  
2-20    22      1.6154  0       0       0       44.983  22.407  99.24   1.0586  0.4761  
2-21    15      2.6296  0       0       0       43.462  46.388  99.16   1.0865  0.3512  
2-22    14      2.6895  0       0       0       43.748  47.776  99.17   1.0872  0.3658  
2-23    11      2.7903  0       0       0       43.871  49.821  99.16   1.0899  0.3413  
2-24    12      2.7666  0       0       0       43.923  49.401  99.17   1.0899  0.326   
2-25    25      1.4663  0       0       0       37.044  -10.34  99.12   1.0334  0.3545  
2-26    3       7.5369  0       0       0       32.271  -93.99  99.15   0.9503  0.4677  
2-27    26      1.4318  0       0       0       39.435  12.049  99.14   1.0548  0.3358  
2-28    27      1.4167  0       0       0       37.877  -9.23   99.14   1.0332  0.3945  
2-29    23      1.5642  0       0       0       40.805  18.184  99.16   1.0589  0.3923  
2-30    16      2.5421  0       0       0       43.932  44.922  99.18   1.0838  0.3909  
---------------------------------------------------------------------
Average :       2.982   0       0       0       41.04   11.73   99.16   
Optimum :       1.28    0       0       0       48.01   0.293   99.31   
 
3-1     30      1.2801  0       0       0       39.062  0.2929  99.15   1.0419  0.4     
3-2     2       3.881   0       0       0       32.545  -56.35  99.09   0.9894  0.3616  
3-3     26      1.345   0       0       0       38.942  7.07    99.14   1.0498  0.357   
3-4     19      1.4779  0       0       0       39.79   14.253  99.14   1.0564  0.362   
3-5     15      1.7191  0       0       0       40.955  23.11   99.15   1.0643  0.3736  
3-6     8       2.3567  0       0       0       34.596  -33.37  99.1    1.012   0.3332  
3-7     28      1.2941  0       0       0       38.727  -1.534  99.15   1.0403  0.3957  
3-8     25      1.3739  0       0       0       38.188  -7.404  99.15   1.0347  0.3988  
3-9     23      1.4452  0       0       0       37.206  -9.563  99.12   1.034   0.3621  
3-10    12      1.8369  0       0       0       42.129  27.225  99.17   1.067   0.4013  
3-11    11      1.8863  0       0       0       36.175  -23.71  99.13   1.0198  0.3863  
3-12    13      1.7885  0       0       0       36.541  -21.31  99.13   1.0219  0.3913  
3-13    20      1.462   0       0       0       39.727  13.582  99.14   1.0557  0.363   
3-14    27      1.3466  0       0       0       38.256  -5.724  99.14   1.0364  0.3948  
3-15    22      1.4401  0       0       0       39.496  12.459  99.14   1.0553  0.3316  
3-16    7       2.5895  0       0       0       38.941  -42.16  99.22   0.9976  0.5     
3-17    10      1.9698  0       0       0       35.542  -25.29  99.11   1.0191  0.3589  
3-18    3       3.8098  0       0       0       52.672  73.827  99.28   1.1042  0.4919  
3-19    1       8.9838  0       0       0       28.624  -98.48  99.04   0.9494  0.33    
3-20    4       3.5555  0       0       0       49.78   67.615  99.25   1.1007  0.4599  
3-21    18      1.5259  0       0       0       46.154  20.085  99.26   1.0553  0.5     
3-22    24      1.4348  0       0       0       39.531  12.281  99.14   1.0547  0.3583  
3-23    17      1.5095  0       0       0       40.553  16.109  99.16   1.057   0.3916  
3-24    29      1.2793  0       0       0       39.309  2.3573  99.15   1.0438  0.4007  
3-25    6       2.6914  0       0       0       43.646  47.742  99.16   1.0876  0.3552  
3-26    5       2.7038  0       0       0       43.811  48.1    99.17   1.0888  0.322   
3-27    21      1.4663  0       0       0       37.044  -10.34  99.12   1.0334  0.3545  
3-28    16      1.6154  0       0       0       44.983  22.407  99.24   1.0586  0.4761  
3-29    14      1.7728  0       0       0       40.956  24.66   99.15   1.0669  0.324   
3-30    9       2.0507  0       0       0       36.038  -27.84  99.13   1.0155  0.3975  
---------------------------------------------------------------------
Average :       2.163   0       0       0       39.66   2.337   99.15   
Optimum :       1.279   0       0       0       49.78   0.293   99.28   
 
4-1     30      1.2801  0       0       0       39.062  0.2929  99.15   1.0419  0.4     
4-2     3       2.1731  0       0       0       34.967  -29.68  99.1    1.0155  0.3317  
4-3     25      1.3095  0       0       0       38.499  2.9214  99.13   1.0459  0.3582  
4-4     28      1.3089  0       0       0       38.202  -0.244  99.13   1.0427  0.3622  
4-5     20      1.3466  0       0       0       38.256  -5.724  99.14   1.0364  0.3948  
4-6     21      1.3466  0       0       0       38.256  -5.724  99.14   1.0364  0.3948  
4-7     24      1.3265  0       0       0       38.755  5.4128  99.13   1.0483  0.3564  
4-8     10      1.4715  0       0       0       39.723  13.946  99.14   1.0562  0.3589  
4-9     4       1.7527  0       0       0       41.278  24.311  99.15   1.0669  0.3     
4-10    7       1.6342  0       0       0       46.606  23.707  99.26   1.0586  0.5     
4-11    27      1.287   0       0       0       39.082  2.4122  99.15   1.0442  0.393   
4-12    16      1.3799  0       0       0       38.229  -7.831  99.15   1.0342  0.4018  
4-13    17      1.3451  0       0       0       40.122  8.9477  99.16   1.0499  0.4036  
4-14    23      1.3345  0       0       0       39.506  7.4498  99.15   1.0491  0.3881  
4-15    26      1.3006  0       0       0       38.593  -1.977  99.15   1.0401  0.3924  
4-16    18      1.3577  0       0       0       37.771  -5.331  99.13   1.0377  0.3703  
4-17    22      1.34    0       0       0       38.898  6.6707  99.14   1.0494  0.357   
4-18    12      1.4434  0       0       0       39.576  12.682  99.14   1.055   0.3584  
4-19    1       2.7038  0       0       0       43.811  48.1    99.17   1.0888  0.322   
4-20    5       1.7191  0       0       0       40.955  23.11   99.15   1.0643  0.3736  
4-21    11      1.462   0       0       0       39.727  13.582  99.14   1.0557  0.363   
4-22    19      1.345   0       0       0       38.942  7.07    99.14   1.0498  0.357   
4-23    6       1.6558  0       0       0       36.49   -17.07  99.12   1.0267  0.3671  
4-24    2       2.5968  0       0       0       34.268  -37.88  99.1    1.0071  0.3575  
4-25    15      1.3936  0       0       0       39.375  10.293  99.14   1.0526  0.3641  
4-26    9       1.5288  0       0       0       36.796  -12.74  99.12   1.0311  0.355   
4-27    8       1.5353  0       0       0       40.039  16.565  99.14   1.0586  0.3611  
4-28    13      1.4231  0       0       0       37.971  -9.701  99.14   1.0325  0.3997  
4-29    29      1.2817  0       0       0       39.011  -0.197  99.15   1.0414  0.4001  
4-30    14      1.4059  0       0       0       37.926  -8.742  99.14   1.0336  0.3944  
---------------------------------------------------------------------
Average :       1.526   0       0       0       39.02   2.821   99.14   
Optimum :       1.28    0       0       0       46.61   -0.2    99.26   
 
5-1     28      1.2801  0       0       0       39.062  0.2929  99.15   1.0419  0.4     
5-2     12      1.3451  0       0       0       40.122  8.9477  99.16   1.0499  0.4036  
5-3     17      1.3297  0       0       0       38.843  5.8582  99.14   1.0486  0.3603  
5-4     20      1.3151  0       0       0       39.704  6.625   99.16   1.0479  0.3981  
5-5     23      1.3006  0       0       0       38.593  -1.977  99.15   1.0401  0.3924  
5-6     1       1.5353  0       0       0       40.039  16.565  99.14   1.0586  0.3611  
5-7     9       1.3966  0       0       0       39.226  10.236  99.14   1.0531  0.3473  
5-8     27      1.269   0       0       0       39.645  2.4148  99.16   1.0434  0.4112  
5-9     13      1.3466  0       0       0       38.256  -5.724  99.14   1.0364  0.3948  
5-10    10      1.404   0       0       0       37.513  -7.883  99.13   1.0364  0.3044  
5-11    6       1.4516  0       0       0       38.092  -11.21  99.15   1.0307  0.4087  
5-12    5       1.4511  0       0       0       39.535  12.948  99.14   1.0555  0.3431  
5-13    22      1.2986  0       0       0       38.717  -2.362  99.15   1.0395  0.3985  
5-14    8       1.3948  0       0       0       40.468  11.63   99.16   1.0523  0.4051  
5-15    14      1.34    0       0       0       38.898  6.6707  99.14   1.0494  0.357   
5-16    24      1.3006  0       0       0       38.593  -1.977  99.15   1.0401  0.3924  
5-17    29      1.2801  0       0       0       39.062  0.2929  99.15   1.0419  0.4     
5-18    30      1.1836  0       0       0       43.072  -3.656  99.24   1.0336  0.4966  
5-19    7       1.4027  0       0       0       39.663  11.064  99.15   1.0529  0.3769  
5-20    16      1.3319  0       0       0       39.147  6.6433  99.14   1.0488  0.3753  
5-21    15      1.34    0       0       0       38.898  6.6707  99.14   1.0494  0.357   
5-22    26      1.3089  0       0       0       38.202  -0.244  99.13   1.0427  0.3622  
5-23    4       1.462   0       0       0       39.727  13.582  99.14   1.0557  0.363   
5-24    21      1.3231  0       0       0       38.031  -2.6    99.13   1.0414  0.3081  
5-25    2       1.5008  0       0       0       39.929  15.239  99.14   1.0572  0.3644  
5-26    11      1.3657  0       0       0       39.176  8.6412  99.14   1.0511  0.3627  
5-27    25      1.287   0       0       0       39.082  2.4122  99.15   1.0442  0.393   
5-28    18      1.3265  0       0       0       38.755  5.4128  99.13   1.0483  0.3564  
5-29    19      1.3265  0       0       0       38.755  5.4128  99.13   1.0483  0.3564  
5-30    3       1.4715  0       0       0       39.723  13.946  99.14   1.0562  0.3589  
---------------------------------------------------------------------
Average :       1.356   0       0       0       39.22   4.462   99.15   
Optimum :       1.184   0       0       0       43.07   -0.24   99.24   
 
6-1     30      1.1467  0       0       0       43.979  2.2437  99.25   1.0389  0.5     
6-2     14      1.3328  0       0       0       38.164  -4.302  99.14   1.0382  0.385   
6-3     22      1.2986  0       0       0       38.717  -2.362  99.15   1.0395  0.3985  
6-4     12      1.3265  0       0       0       38.755  5.4128  99.13   1.0483  0.3564  
6-5     20      1.3045  0       0       0       38.677  3.0369  99.14   1.0456  0.3708  
6-6     15      1.3095  0       0       0       39.601  6.0576  99.15   1.0474  0.3975  
6-7     1       1.5901  0       0       0       41.447  19.511  99.17   1.0595  0.4078  
6-8     11      1.3421  0       0       0       37.714  -3.678  99.13   1.0399  0.3492  
6-9     21      1.2926  0       0       0       39.311  3.994   99.15   1.0456  0.3952  
6-10    16      1.3185  0       0       0       38.488  -3.94   99.15   1.0381  0.3964  
6-11    5       1.404   0       0       0       37.513  -7.883  99.13   1.0364  0.3044  
6-12    2       1.4516  0       0       0       38.092  -11.21  99.15   1.0307  0.4087  
6-13    25      1.3087  0       0       0       38.21   -0.296  99.13   1.0427  0.3633  
6-14    10      1.3274  0       0       0       38.751  5.4659  99.13   1.0483  0.3553  
6-15    4       1.3957  0       0       0       40.401  11.596  99.16   1.0523  0.403   
6-16    7       1.3888  0       0       0       37.381  -6.649  99.12   1.0371  0.3464  
6-17    8       1.3509  0       0       0       39.073  7.6616  99.14   1.0502  0.3631  
6-18    29      1.1836  0       0       0       43.072  -3.656  99.24   1.0336  0.4966  
6-19    3       1.4451  0       0       0       40.91   14.065  99.17   1.0543  0.4102  
6-20    9       1.3275  0       0       0       39.399  6.8399  99.15   1.0486  0.3864  
6-21    17      1.3231  0       0       0       38.031  -2.6    99.13   1.0414  0.3081  
6-22    26      1.3089  0       0       0       38.202  -0.244  99.13   1.0427  0.3622  
6-23    6       1.404   0       0       0       37.513  -7.883  99.13   1.0364  0.3044  
6-24    13      1.3265  0       0       0       38.755  5.4128  99.13   1.0483  0.3564  
6-25    24      1.3101  0       0       0       38.211  1.1349  99.13   1.0446  0.3439  
6-26    23      1.3075  0       0       0       38.32   1.463   99.13   1.0451  0.3207  
6-27    19      1.3222  0       0       0       37.933  -1.809  99.13   1.0416  0.3519  
6-28    28      1.2689  0       0       0       39.574  2.0164  99.16   1.0431  0.4103  
6-29    27      1.2971  0       0       0       38.548  -5.e-3  99.14   1.0423  0.3815  
6-30    18      1.3076  0       0       0       38.661  3.3663  99.14   1.046   0.3674  
---------------------------------------------------------------------
Average :       1.334   0       0       0       39.05   1.425   99.15   
Optimum :       1.147   0       0       0       43.98   -5e-3   99.25   
 
7-1     29      1.1467  0       0       0       43.979  2.2437  99.25   1.0389  0.5     
7-2     14      1.3124  0       0       0       38.755  4.2039  99.14   1.0468  0.3676  
7-3     13      1.3185  0       0       0       38.488  -3.94   99.15   1.0381  0.3964  
7-4     23      1.2971  0       0       0       38.548  -5.e-3  99.14   1.0423  0.3815  
7-5     15      1.3231  0       0       0       38.031  -2.6    99.13   1.0414  0.3081  
7-6     24      1.2689  0       0       0       39.574  2.0164  99.16   1.0431  0.4103  
7-7     26      1.1836  0       0       0       43.072  -3.656  99.24   1.0336  0.4966  
7-8     11      1.3095  0       0       0       39.601  6.0576  99.15   1.0474  0.3975  
7-9     8       1.3052  0       0       0       42.179  9.4537  99.2    1.0479  0.4529  
7-10    3       1.3683  0       0       0       37.623  -5.769  99.13   1.0375  0.3633  
7-11    21      1.3087  0       0       0       38.21   -0.296  99.13   1.0427  0.3633  
7-12    16      1.3231  0       0       0       38.031  -2.6    99.13   1.0414  0.3081  
7-13    27      1.1836  0       0       0       43.072  -3.656  99.24   1.0336  0.4966  
7-14    4       1.3274  0       0       0       38.751  5.4659  99.13   1.0483  0.3553  
7-15    1       1.4586  0       0       0       37.683  -10.95  99.14   1.0316  0.3941  
7-16    10      1.3243  0       0       0       38.512  -4.576  99.15   1.0373  0.3996  
7-17    6       1.3328  0       0       0       38.164  -4.302  99.14   1.0382  0.385   
7-18    25      1.2689  0       0       0       39.574  2.0164  99.16   1.0431  0.4103  
7-19    30      1.1467  0       0       0       43.979  2.2437  99.25   1.0389  0.5     
7-20    19      1.3075  0       0       0       38.32   1.463   99.13   1.0451  0.3207  
7-21    17      1.3141  0       0       0       38.477  3.4146  99.13   1.0467  0.3341  
7-22    22      1.2592  0       0       0       40.72   4.7438  99.18   1.0446  0.4327  
7-23    28      1.1836  0       0       0       43.072  -3.656  99.24   1.0336  0.4966  
7-24    12      1.3095  0       0       0       39.601  6.0576  99.15   1.0474  0.3975  
7-25    7       1.3126  0       0       0       40.228  7.3672  99.17   1.048   0.4122  
7-26    2       1.3828  0       0       0       37.479  -6.464  99.13   1.037   0.3571  
7-27    5       1.3265  0       0       0       38.755  5.4128  99.13   1.0483  0.3564  
7-28    20      1.3101  0       0       0       38.211  1.1349  99.13   1.0446  0.3439  
7-29    9       1.3368  0       0       0       37.783  -3.329  99.13   1.0401  0.3536  
7-30    18      1.3119  0       0       0       38.415  2.8706  99.13   1.046   0.3421  
---------------------------------------------------------------------
Average :       1.295   0       0       0       39.56   0.346   99.16   
Optimum :       1.147   0       0       0       43.98   -5e-3   99.25   
 
8-1     10      1.3243  0       0       0       38.512  -4.576  99.15   1.0373  0.3996  
8-2     19      1.3075  0       0       0       38.32   1.463   99.13   1.0451  0.3207  
8-3     18      1.3082  0       0       0       38.346  1.8376  99.13   1.0455  0.3223  
8-4     23      1.2649  0       0       0       40.21   3.9604  99.17   1.0444  0.4221  
8-5     14      1.3231  0       0       0       38.031  -2.6    99.13   1.0345  0.4998  
8-6     25      1.2689  0       0       0       39.574  2.0164  99.16   1.038   0.4968  
8-7     27      1.1836  0       0       0       43.072  -3.656  99.24   1.0414  0.3081  
8-8     12      1.3095  0       0       0       39.601  6.0576  99.15   1.0423  0.3815  
8-9     8       1.3052  0       0       0       42.179  9.4537  99.2    1.0396  0.4152  
8-10    3       1.3683  0       0       0       37.623  -5.769  99.13   1.0363  0.4418  
8-11    22      1.3087  0       0       0       38.21   -0.296  99.13   1.0436  0.362   
8-12    15      1.3231  0       0       0       38.031  -2.6    99.13   1.0391  0.4557  
8-13    28      1.1836  0       0       0       43.072  -3.656  99.24   1.0414  0.3081  
8-14    4       1.3274  0       0       0       38.751  5.4659  99.13   1.0389  0.5     
8-15    1       1.4586  0       0       0       37.683  -10.95  99.14   1.0451  0.3207  
8-16    11      1.3243  0       0       0       38.512  -4.576  99.15   1.0431  0.4103  
8-17    6       1.3328  0       0       0       38.164  -4.302  99.14   1.0353  0.3782  
8-18    26      1.2689  0       0       0       39.574  2.0164  99.16   1.0446  0.3665  
8-19    30      1.1467  0       0       0       43.979  2.2437  99.25   1.0389  0.5     
8-20    20      1.3075  0       0       0       38.32   1.463   99.13   1.0479  0.4529  
8-21    16      1.3141  0       0       0       38.477  3.4146  99.13   1.0336  0.4563  
8-22    24      1.2592  0       0       0       40.72   4.7438  99.18   1.048   0.4932  
8-23    29      1.1836  0       0       0       43.072  -3.656  99.24   1.0357  0.4168  
8-24    13      1.3095  0       0       0       39.601  6.0576  99.15   1.041   0.4901  
8-25    7       1.3126  0       0       0       40.228  7.3672  99.17   1.0364  0.5     
8-26    2       1.3828  0       0       0       37.479  -6.464  99.13   1.0354  0.3557  
8-27    5       1.3265  0       0       0       38.755  5.4128  99.13   1.0336  0.4966  
8-28    21      1.3101  0       0       0       38.211  1.1349  99.13   1.0446  0.4327  
8-29    9       1.3368  0       0       0       37.783  -3.329  99.13   1.0431  0.4103  
8-30    17      1.3119  0       0       0       38.415  2.8706  99.13   1.0414  0.3081  
---------------------------------------------------------------------
Average :       1.3     0       0       0       39.42   0.352   99.16   
Optimum :       1.147   0       0       0       43.98   -0.3    99.25   
 
