
Run     SWR     Gain    F/B     F/R     R-a     X-a     Eff.    %Res.   %Stp  R       D       RD      

1-0     1.7204  8.6     20.5    7.3     168.02  50.387  98.92   0    	0    	1.3329  1.2654  0.4     
1       1.7162  8.57    19.84   7.25    169.02  49.054  98.93   -0.59	0.1  	1.3342  1.2654  0.4     
1       1.7425  8.6     20.49   7.3     168.54  52.683  98.92   -0.05	0.1  	1.3329  1.2667  0.4     
1       1.72    8.6     20.53   7.3     168.07  50.293  98.92   0.026	0.1  	1.3329  1.2654  0.4004  
1-1                                                                           -2.669  -0.215  0.1157  

1-2     1.8929  9.59    9.19    9.19    90.516  61.71   97.8    -7.54	1.498	1.2796  1.2614  0.4007  
2       1.7162  8.57    19.84   7.25    169.02  49.054  98.93   -0.59	0.1  	1.3342  1.2654  0.4     
2       1.7425  8.6     20.49   7.3     168.54  52.683  98.92   -0.05	0.1  	1.3329  1.2667  0.4     
2       1.72    8.6     20.53   7.3     168.07  50.293  98.92   0.026	0.1  	1.3329  1.2654  0.4004  
2-1                                                                           -2.669  -0.215  0.1157  

2-2     1.7422  8.82    29.98   7.78    157.76  59.105  98.79   8.388	0.3  	1.3222  1.2646  0.4001  
2-3     1.7684  9.05    26.07   8.38    144.06  66.023  98.62   -2.41	0.3  	1.3116  1.2638  0.4003  
3       1.7625  9.02    27.84   8.29    145.91  65.121  98.65   1.325	0.1  	1.3129  1.2638  0.4003  
3       1.7981  9.05    26.06   8.38    144.52  68.387  98.62   -0.05	0.1  	1.3116  1.2651  0.4003  
3       1.7675  9.05    26      8.38    144.14  65.935  98.62   -0.06	0.1  	1.3116  1.2638  0.4007  
3-1                                                                           2.7761  -0.108  -0.116  

3-2     1.7166  8.81    29.51   7.76    157.65  56.551  98.79   2.158	0.3  	1.3225  1.2634  0.4001  
3-3     1.6775  8.58    20.18   7.27    167.54  45.283  98.92   -7.68	0.3  	1.3336  1.263   0.4     
4       1.7139  8.79    28.37   7.72    158.5   55.827  98.81   -0.92	0.06 	1.3233  1.2634  0.4001  
4       1.7316  8.81    29.48   7.76    157.94  57.946  98.79   -0.05	0.06 	1.3225  1.2642  0.4001  
4       1.7162  8.81    29.53   7.76    157.69  56.495  98.79   0.016	0.06 	1.3225  1.2634  0.4004  
4-1                                                                           -2.806  -0.146  0.0483  

4-2     1.7221  8.86    33.36   7.87    155.11  58.322  98.76   3.103	0.06 	1.3203  1.2633  0.4001  
4-3     1.7278  8.91    36.19   8       152.41  60.005  98.73   2.267	0.06 	1.3181  1.2632  0.4002  
4-4     1.7339  8.96    33.07   8.12    149.57  61.583  98.7    -2.19	0.06 	1.3159  1.2631  0.4002  
5       1.7309  8.94    34.6    8.07    150.58  60.961  98.71   1.109	0.06 	1.3167  1.2631  0.4002  
5       1.7505  8.96    33.04   8.12    149.85  62.99   98.7    -0.05	0.06 	1.3159  1.2638  0.4002  
5       1.7335  8.96    32.97   8.12    149.61  61.529  98.7    -0.08	0.06 	1.3159  1.2631  0.4004  
5-1                                                                           2.6996  -0.117  -0.183  

5-2     1.724   8.91    36.21   8       152.22  59.715  98.73   2.262	0.06 	1.318   1.263   0.4001  
5-3     1.7147  8.86    33.71   7.88    154.74  57.756  98.76   -1.96	0.06 	1.3201  1.2629  0.4001  
6       1.712   8.85    32.23   7.85    155.65  57.065  98.77   -1.14	0.06 	1.3209  1.2629  0.4001  
6       1.7302  8.86    33.65   7.88    155.03  59.156  98.76   -0.07	0.06 	1.3201  1.2636  0.4001  
6       1.7143  8.86    33.72   7.88    154.78  57.701  98.76   8.e-3	0.06 	1.3201  1.2629  0.4003  
6-1                                                                           -2.809  -0.172  0.0194  

6-2     1.7198  8.91    36.21   8       152.02  59.395  98.73   2.004	0.06 	1.3179  1.2628  0.4001  
6-3     1.7252  8.96    32.75   8.13    149.16  60.927  98.69   -2.43	0.06 	1.3157  1.2626  0.4001  
7       1.7223  8.94    34.32   8.08    150.18  60.309  98.71   1.142	0.06 	1.3165  1.2626  0.4001  
7       1.7417  8.96    32.73   8.13    149.44  62.332  98.69   -0.04	0.06 	1.3157  1.2634  0.4001  
7       1.7248  8.96    32.66   8.13    149.2   60.873  98.69   -0.07	0.06 	1.3157  1.2626  0.4003  
7-1                                                                           2.7399  -0.097  -0.163  

7-2     1.7158  8.91    36.22   8       151.87  59.073  98.73   2.508	0.06 	1.3179  1.2626  0.4001  
7-3     1.7069  8.87    33.96   7.89    154.44  57.122  98.76   -1.78	0.06 	1.32    1.2625  0.4     
8       1.7043  8.85    32.46   7.85    155.35  56.433  98.77   -1.17	0.06 	1.3208  1.2625  0.4     
8       1.7223  8.87    33.91   7.89    154.73  58.518  98.76   -0.06	0.06 	1.32    1.2632  0.4     
8       1.7065  8.87    33.97   7.89    154.48  57.067  98.76   8.e-3	0.06 	1.32    1.2625  0.4003  
8-1                                                                           -2.83   -0.151  0.0191  

8-2     1.7122  8.91    36.21   8.01    151.7   58.793  98.73   1.812	0.06 	1.3178  1.2624  0.4     
8-3     1.7177  8.96    32.49   8.13    148.81  60.358  98.69   -2.63	0.06 	1.3156  1.2623  0.4     
9       1.7149  8.95    34.09   8.1     149.83  59.744  98.7    1.186	0.06 	1.3163  1.2623  0.4     
9       1.7342  8.96    32.46   8.13    149.09  61.764  98.69   -0.05	0.06 	1.3156  1.263   0.4     
9       1.7173  8.96    32.4    8.13    148.86  60.305  98.69   -0.07	0.06 	1.3156  1.2623  0.4003  
9-1                                                                           2.7323  -0.111  -0.157  

9-2     1.7083  8.92    36.2    8.02    151.52  58.499  98.72   2.715	0.06 	1.3177  1.2622  0.4     
9-3     1.6995  8.87    34.29   7.9     154.09  56.541  98.76   -1.53	0.06 	1.3199  1.2621  0.4     
10      1.6969  8.85    32.77   7.85    155     55.856  98.77   -1.19	0.06 	1.3207  1.2621  0.4     
10      1.7149  8.87    34.23   7.9     154.37  57.941  98.76   -0.07	0.06 	1.3199  1.2628  0.4     
10      1.6991  8.87    34.29   7.9     154.13  56.486  98.76   3.e-4	0.06 	1.3199  1.2621  0.4002  
10-1                                                                          -2.833  -0.166  8.e-4   

10-2    1.7043  8.92    36.17   8.02    151.33  58.187  98.72   1.531	0.06 	1.3176  1.262   0.4     
10-3    1.7094  8.97    32.2    8.15    148.43  59.726  98.69   -2.8 	0.06 	1.3154  1.2618  0.4     
11      1.7066  8.95    33.8    8.1     149.45  59.114  98.7    1.17 	0.06 	1.3162  1.2618  0.4     
11      1.7258  8.97    32.18   8.15    148.71  61.131  98.69   -0.04	0.06 	1.3154  1.2626  0.4     
11      1.709   8.97    32.11   8.15    148.47  59.672  98.69   -0.07	0.06 	1.3154  1.2618  0.4002  
11-1                                                                          2.7448  -0.095  -0.16   

11-2    1.7005  8.92    36.13   8.02    151.16  57.892  98.72   2.869	0.06 	1.3176  1.2618  0.3999  
11-3    1.6921  8.87    34.59   7.9     153.75  55.957  98.75   -1.25	0.06 	1.3197  1.2617  0.3999  
12      1.6896  8.85    33.07   7.86    154.67  55.274  98.77   -1.18	0.06 	1.3205  1.2617  0.3999  
12      1.7074  8.87    34.53   7.9     154.04  57.353  98.75   -0.07	0.06 	1.3197  1.2625  0.3999  
12      1.6917  8.87    34.59   7.9     153.79  55.902  98.75   3.e-4	0.06 	1.3197  1.2617  0.4001  
12-1                                                                          -2.832  -0.167  7.9e-4  

12-2    1.6966  8.92    36.09   8.03    150.99  57.59   98.72   1.253	0.06 	1.3175  1.2616  0.3999  
12-3    1.7014  8.97    31.95   8.16    148.08  59.114  98.68   -2.93	0.06 	1.3152  1.2614  0.3999  
13      1.6988  8.95    33.55   8.11    149.1   58.507  98.7    1.172	0.06 	1.316   1.2614  0.3999  
13      1.7178  8.97    31.93   8.16    148.36  60.518  98.68   -0.04	0.06 	1.3152  1.2622  0.3999  
13      1.701   8.97    31.86   8.16    148.12  59.06   98.68   -0.07	0.06 	1.3152  1.2614  0.4001  
13-1                                                                          2.745   -0.095  -0.16   

13-2    1.6928  8.92    36.04   8.03    150.82  57.29   98.72   2.997	0.06 	1.3174  1.2614  0.3998  
13-3    1.6846  8.87    34.89   7.91    153.42  55.364  98.75   -0.97	0.06 	1.3196  1.2613  0.3998  
14      1.6823  8.86    33.38   7.87    154.34  54.684  98.76   -1.17	0.06 	1.3204  1.2613  0.3998  
14      1.6999  8.88    34.84   7.92    153.7   56.76   98.75   -0.05	0.06 	1.3196  1.2621  0.3998  
14      1.6842  8.87    34.89   7.91    153.46  55.309  98.75   3.e-4	0.06 	1.3196  1.2613  0.4     
14-1                                                                          -2.87   -0.129  8.1e-4  

14-2    1.6896  8.92    35.94   8.03    150.62  57.066  98.72   0.905	0.06 	1.3173  1.2612  0.3998  
14-3    1.695   8.97    31.57   8.16    147.67  58.656  98.68   -3.11	0.06 	1.315   1.2611  0.3998  
15      1.6891  8.92    36.14   8.03    150.82  56.939  98.72   0.148	0.012	1.3175  1.2612  0.3998  
15      1.6928  8.92    35.92   8.03    150.68  57.348  98.72   -0.02	0.012	1.3173  1.2614  0.3998  
15      1.6895  8.92    35.92   8.03    150.63  57.056  98.72   -0.01	0.012	1.3173  1.2612  0.3998  
15-1                                                                          2.4313  -0.326  -0.243  

15-2    1.6874  8.92    36.37   8.02    151.08  56.667  98.72   0.31 	0.012	1.3177  1.2612  0.3998  
15-3    1.6852  8.91    36.54   8       151.53  56.264  98.73   0.107	0.012	1.3181  1.2611  0.3998  
15-4    1.6831  8.9     36.44   7.97    151.98  55.859  98.73   -0.1 	0.012	1.3185  1.2611  0.3998  
16      1.6826  8.9     36.32   7.97    152.17  55.728  98.74   -0.09	0.012	1.3186  1.2611  0.3998  
16      1.6861  8.9     36.42   7.97    152.04  56.139  98.73   -0.02	0.012	1.3185  1.2612  0.3998  
16      1.683   8.9     36.43   7.97    151.99  55.848  98.73   -7e-3	0.012	1.3185  1.2611  0.3998  
16-1                                                                          -2.301  -0.51   -0.189  

16-2    1.6826  8.91    36.56   8       151.51  56.02   98.73   0.12 	0.012	1.3181  1.261   0.3998  
16-3    1.6821  8.91    36.43   8.01    151.03  56.177  98.72   -0.08	0.012	1.3177  1.2609  0.3997  
17      1.6817  8.91    36.52   8       151.22  56.048  98.73   0.057	0.012	1.3179  1.2609  0.3997  
17      1.6852  8.91    36.42   8.01    151.08  56.455  98.72   -0.01	0.012	1.3177  1.261   0.3997  
17      1.6821  8.91    36.41   8.01    151.04  56.166  98.72   -0.01	0.012	1.3177  1.2609  0.3998  
17-1                                                                          2.0318  -0.441  -0.527  

17-2    1.6798  8.91    36.59   8       151.39  55.796  98.73   0.11 	0.012	1.3181  1.2608  0.3997  
17-3    1.6775  8.9     36.53   7.98    151.76  55.412  98.73   -0.06	0.012	1.3184  1.2608  0.3997  
18      1.6771  8.9     36.44   7.97    151.95  55.282  98.74   -0.08	0.012	1.3185  1.2608  0.3997  
18      1.6806  8.9     36.52   7.98    151.82  55.692  98.73   -0.01	0.012	1.3184  1.2609  0.3997  
18      1.6775  8.9     36.52   7.98    151.77  55.401  98.73   -7e-3	0.012	1.3184  1.2608  0.3997  
18-1                                                                          -2.385  -0.386  -0.229  

18-2    1.6775  8.91    36.6    8       151.27  55.619  98.73   0.073	0.012	1.318   1.2607  0.3997  
18-3    1.6774  8.92    36.4    8.02    150.78  55.82   98.72   -0.13	0.012	1.3176  1.2606  0.3997  
19      1.6769  8.91    36.52   8.01    150.98  55.691  98.72   0.079	0.012	1.3178  1.2606  0.3997  
19      1.6805  8.92    36.39   8.02    150.84  56.101  98.72   -0.01	0.012	1.3176  1.2608  0.3997  
19      1.6773  8.92    36.38   8.02    150.79  55.809  98.72   -0.01	0.012	1.3176  1.2606  0.3997  
19-1                                                                          2.2335  -0.35   -0.416  

19-2    1.6753  8.91    36.62   8       151.2   55.44   98.73   0.144	0.012	1.318   1.2606  0.3997  
19-3    1.6733  8.9     36.6    7.98    151.6   55.058  98.73   -0.03	0.012	1.3183  1.2605  0.3996  
20      1.6728  8.9     36.51   7.97    151.8   54.927  98.73   -0.08	0.012	1.3185  1.2605  0.3996  
20      1.6763  8.9     36.58   7.98    151.66  55.336  98.73   -0.02	0.012	1.3183  1.2607  0.3996  
20      1.6732  8.9     36.58   7.98    151.61  55.047  98.73   -0.01	0.012	1.3183  1.2605  0.3997  
20-1                                                                          -2.067  -0.534  -0.399  

20-2    1.6726  8.91    36.66   8       151.17  55.179  98.73   0.066	0.012	1.318   1.2605  0.3996  
20-3    1.6719  8.92    36.51   8.02    150.74  55.301  98.72   -0.09	0.012	1.3177  1.2604  0.3996  
21      1.6714  8.91    36.61   8       150.93  55.172  98.72   0.055	0.012	1.3178  1.2604  0.3996  
21      1.675   8.92    36.5    8.02    150.79  55.58   98.72   -0.01	0.012	1.3177  1.2605  0.3996  
21      1.6718  8.92    36.49   8.02    150.74  55.29   98.72   -0.01	0.012	1.3177  1.2604  0.3996  
21-1                                                                          2.0072  -0.453  -0.54   

21-2    1.6696  8.91    36.69   8       151.1   54.922  98.73   0.115	0.012	1.318   1.2603  0.3996  
21-3    1.6674  8.9     36.67   7.98    151.46  54.542  98.73   -0.03	0.012	1.3183  1.2602  0.3995  
22      1.667   8.9     36.58   7.97    151.65  54.411  98.73   -0.08	0.012	1.3185  1.2602  0.3995  
22      1.6705  8.9     36.65   7.98    151.51  54.821  98.73   -0.02	0.012	1.3183  1.2604  0.3995  
22      1.6673  8.9     36.65   7.98    151.46  54.531  98.73   -0.01	0.012	1.3183  1.2602  0.3996  
22-1                                                                          -2.067  -0.534  -0.399  

22-2    1.6667  8.91    36.72   8       151.02  54.665  98.73   0.059	0.012	1.318   1.2602  0.3995  
22-3    1.666   8.92    36.56   8.02    150.59  54.786  98.72   -0.1 	0.012	1.3177  1.2601  0.3995  
23      1.6656  8.91    36.67   8       150.78  54.657  98.72   0.062	0.012	1.3178  1.2601  0.3995  
23      1.6691  8.92    36.55   8.02    150.64  55.064  98.72   -0.01	0.012	1.3177  1.2602  0.3995  
23      1.6659  8.92    36.54   8.02    150.59  54.775  98.72   -0.01	0.012	1.3177  1.2601  0.3996  
23-1                                                                          2.0906  -0.414  -0.495  

23-2    1.6639  8.91    36.75   8       150.97  54.407  98.73   0.123	0.012	1.318   1.26    0.3995  
23-3    1.6617  8.9     36.72   7.98    151.34  54.024  98.73   -0.04	0.012	1.3183  1.26    0.3995  
24      1.6613  8.9     36.63   7.97    151.54  53.894  98.73   -0.08	0.012	1.3185  1.26    0.3995  
24      1.6648  8.9     36.7    7.98    151.4   54.303  98.73   -0.02	0.012	1.3183  1.2601  0.3995  
24      1.6616  8.9     36.71   7.98    151.35  54.013  98.73   -7e-3	0.012	1.3183  1.26    0.3995  
24-1                                                                          -2.215  -0.572  -0.213  

24-2    1.6609  8.91    36.77   8       150.88  54.155  98.73   0.059	0.012	1.318   1.2599  0.3994  
24-3    1.6601  8.92    36.59   8.02    150.42  54.28   98.72   -0.11	0.012	1.3176  1.2598  0.3994  
25      1.6597  8.91    36.7    8.01    150.61  54.153  98.72   0.071	0.012	1.3178  1.2598  0.3994  
25      1.6632  8.92    36.57   8.02    150.47  54.56   98.72   -0.02	0.012	1.3176  1.2599  0.3994  
25      1.6601  8.92    36.57   8.02    150.43  54.27   98.72   -0.01	0.012	1.3176  1.2598  0.3995  
25-1                                                                          2.0243  -0.559  -0.417  

25-2    1.6576  8.91    36.79   8       150.78  53.871  98.73   0.131	0.012	1.3179  1.2597  0.3994  
25-3    1.6551  8.9     36.8    7.98    151.13  53.457  98.73   -9e-3	0.012	1.3183  1.2596  0.3994  
26      1.6547  8.9     36.72   7.97    151.33  53.327  98.73   -0.07	0.012	1.3184  1.2596  0.3994  
